This file contains any messages produced by compilers while
running configure, to aid debugging if configure makes a mistake.

It was created by configure, which was
generated by GNU Autoconf 2.69.  Invocation command line was

  $ ./configure 

## --------- ##
## Platform. ##
## --------- ##

hostname = ip-172-31-34-9
uname -m = x86_64
uname -r = 4.4.0-1083-aws
uname -s = Linux
uname -v = #93-Ubuntu SMP Wed May 8 16:08:41 UTC 2019

/usr/bin/uname -p = unknown
/bin/uname -X     = unknown

/bin/arch              = unknown
/usr/bin/arch -k       = unknown
/usr/convex/getsysinfo = unknown
/usr/bin/hostinfo      = unknown
/bin/machine           = unknown
/usr/bin/oslevel       = unknown
/bin/universe          = unknown

PATH: /opt/yhmp-app/env/bin
PATH: /home/ubuntu/bin
PATH: /home/ubuntu/.local/bin
PATH: /usr/local/sbin
PATH: /usr/local/bin
PATH: /usr/sbin
PATH: /usr/bin
PATH: /sbin
PATH: /bin
PATH: /usr/games
PATH: /usr/local/games
PATH: /snap/bin


## ----------- ##
## Core tests. ##
## ----------- ##

configure:2526: checking build system type
configure:2540: result: x86_64-unknown-linux-gnu
configure:2560: checking host system type
configure:2573: result: x86_64-unknown-linux-gnu
configure:2614: checking how to print strings
configure:2641: result: printf
configure:2710: checking for gcc
configure:2726: found /usr/bin/gcc
configure:2737: result: gcc
configure:2966: checking for C compiler version
configure:2975: gcc --version >&5
gcc (Ubuntu 5.4.0-6ubuntu1~16.04.11) 5.4.0 20160609
Copyright (C) 2015 Free Software Foundation, Inc.
This is free software; see the source for copying conditions.  There is NO
warranty; not even for MERCHANTABILITY or FITNESS FOR A PARTICULAR PURPOSE.

configure:2986: $? = 0
configure:2975: gcc -v >&5
Using built-in specs.
COLLECT_GCC=gcc
COLLECT_LTO_WRAPPER=/usr/lib/gcc/x86_64-linux-gnu/5/lto-wrapper
Target: x86_64-linux-gnu
Configured with: ../src/configure -v --with-pkgversion='Ubuntu 5.4.0-6ubuntu1~16.04.11' --with-bugurl=file:///usr/share/doc/gcc-5/README.Bugs --enable-languages=c,ada,c++,java,go,d,fortran,objc,obj-c++ --prefix=/usr --program-suffix=-5 --enable-shared --enable-linker-build-id --libexecdir=/usr/lib --without-included-gettext --enable-threads=posix --libdir=/usr/lib --enable-nls --with-sysroot=/ --enable-clocale=gnu --enable-libstdcxx-debug --enable-libstdcxx-time=yes --with-default-libstdcxx-abi=new --enable-gnu-unique-object --disable-vtable-verify --enable-libmpx --enable-plugin --with-system-zlib --disable-browser-plugin --enable-java-awt=gtk --enable-gtk-cairo --with-java-home=/usr/lib/jvm/java-1.5.0-gcj-5-amd64/jre --enable-java-home --with-jvm-root-dir=/usr/lib/jvm/java-1.5.0-gcj-5-amd64 --with-jvm-jar-dir=/usr/lib/jvm-exports/java-1.5.0-gcj-5-amd64 --with-arch-directory=amd64 --with-ecj-jar=/usr/share/java/eclipse-ecj.jar --enable-objc-gc --enable-multiarch --disable-werror --with-arch-32=i686 --with-abi=m64 --with-multilib-list=m32,m64,mx32 --enable-multilib --with-tune=generic --enable-checking=release --build=x86_64-linux-gnu --host=x86_64-linux-gnu --target=x86_64-linux-gnu
Thread model: posix
gcc version 5.4.0 20160609 (Ubuntu 5.4.0-6ubuntu1~16.04.11) 
configure:2986: $? = 0
configure:2975: gcc -V >&5
gcc: error: unrecognized command line option '-V'
gcc: fatal error: no input files
compilation terminated.
configure:2986: $? = 1
configure:2975: gcc -qversion >&5
gcc: error: unrecognized command line option '-qversion'
gcc: fatal error: no input files
compilation terminated.
configure:2986: $? = 1
configure:3006: checking whether the C compiler works
configure:3028: gcc    conftest.c  >&5
configure:3032: $? = 0
configure:3080: result: yes
configure:3083: checking for C compiler default output file name
configure:3085: result: a.out
configure:3091: checking for suffix of executables
configure:3098: gcc -o conftest    conftest.c  >&5
configure:3102: $? = 0
configure:3124: result: 
configure:3146: checking whether we are cross compiling
configure:3154: gcc -o conftest    conftest.c  >&5
configure:3158: $? = 0
configure:3165: ./conftest
configure:3169: $? = 0
configure:3184: result: no
configure:3189: checking for suffix of object files
configure:3211: gcc -c   conftest.c >&5
configure:3215: $? = 0
configure:3236: result: o
configure:3240: checking whether we are using the GNU C compiler
configure:3259: gcc -c   conftest.c >&5
configure:3259: $? = 0
configure:3268: result: yes
configure:3277: checking whether gcc accepts -g
configure:3297: gcc -c -g  conftest.c >&5
configure:3297: $? = 0
configure:3338: result: yes
configure:3355: checking for gcc option to accept ISO C89
configure:3418: gcc  -c -g -O2  conftest.c >&5
configure:3418: $? = 0
configure:3431: result: none needed
configure:3451: checking for a sed that does not truncate output
configure:3515: result: /bin/sed
configure:3533: checking for grep that handles long lines and -e
configure:3591: result: /bin/grep
configure:3596: checking for egrep
configure:3658: result: /bin/grep -E
configure:3663: checking for fgrep
configure:3725: result: /bin/grep -F
configure:3760: checking for ld used by gcc
configure:3827: result: /usr/bin/ld
configure:3834: checking if the linker (/usr/bin/ld) is GNU ld
configure:3849: result: yes
configure:3861: checking for BSD- or MS-compatible name lister (nm)
configure:3910: result: /usr/bin/nm -B
configure:4040: checking the name lister (/usr/bin/nm -B) interface
configure:4047: gcc -c -g -O2  conftest.c >&5
configure:4050: /usr/bin/nm -B "conftest.o"
configure:4053: output
0000000000000000 B some_variable
configure:4060: result: BSD nm
configure:4063: checking whether ln -s works
configure:4067: result: yes
configure:4075: checking the maximum length of command line arguments
configure:4206: result: 1572864
configure:4223: checking whether the shell understands some XSI constructs
configure:4233: result: yes
configure:4237: checking whether the shell understands "+="
configure:4243: result: yes
configure:4278: checking how to convert x86_64-unknown-linux-gnu file names to x86_64-unknown-linux-gnu format
configure:4318: result: func_convert_file_noop
configure:4325: checking how to convert x86_64-unknown-linux-gnu file names to toolchain format
configure:4345: result: func_convert_file_noop
configure:4352: checking for /usr/bin/ld option to reload object files
configure:4359: result: -r
configure:4433: checking for objdump
configure:4449: found /usr/bin/objdump
configure:4460: result: objdump
configure:4492: checking how to recognize dependent libraries
configure:4690: result: pass_all
configure:4775: checking for dlltool
configure:4805: result: no
configure:4835: checking how to associate runtime and link libraries
configure:4862: result: printf %s\n
configure:4923: checking for ar
configure:4939: found /usr/bin/ar
configure:4950: result: ar
configure:4987: checking for archiver @FILE support
configure:5004: gcc -c -g -O2  conftest.c >&5
configure:5004: $? = 0
configure:5007: ar cru libconftest.a @conftest.lst >&5
ar: `u' modifier ignored since `D' is the default (see `U')
configure:5010: $? = 0
configure:5015: ar cru libconftest.a @conftest.lst >&5
ar: `u' modifier ignored since `D' is the default (see `U')
ar: conftest.o: No such file or directory
configure:5018: $? = 1
configure:5030: result: @
configure:5088: checking for strip
configure:5104: found /usr/bin/strip
configure:5115: result: strip
configure:5187: checking for ranlib
configure:5203: found /usr/bin/ranlib
configure:5214: result: ranlib
configure:5291: checking for gawk
configure:5307: found /usr/bin/gawk
configure:5318: result: gawk
configure:5358: checking command to parse /usr/bin/nm -B output from gcc object
configure:5478: gcc -c -g -O2  conftest.c >&5
configure:5481: $? = 0
configure:5485: /usr/bin/nm -B conftest.o \| sed -n -e 's/^.*[ ]\([ABCDGIRSTW][ABCDGIRSTW]*\)[ ][ ]*\([_A-Za-z][_A-Za-z0-9]*\)$/\1 \2 \2/p' | sed '/ __gnu_lto/d' \> conftest.nm
configure:5488: $? = 0
configure:5554: gcc -o conftest -g -O2   conftest.c conftstm.o >&5
configure:5557: $? = 0
configure:5595: result: ok
configure:5632: checking for sysroot
configure:5662: result: no
configure:5739: gcc -c -g -O2  conftest.c >&5
configure:5742: $? = 0
configure:5925: checking for mt
configure:5941: found /bin/mt
configure:5952: result: mt
configure:5975: checking if mt is a manifest tool
configure:5981: mt '-?'
configure:5989: result: no
configure:6631: checking how to run the C preprocessor
configure:6662: gcc -E  conftest.c
configure:6662: $? = 0
configure:6676: gcc -E  conftest.c
conftest.c:9:28: fatal error: ac_nonexistent.h: No such file or directory
compilation terminated.
configure:6676: $? = 1
configure: failed program was:
| /* confdefs.h */
| #define PACKAGE_NAME ""
| #define PACKAGE_TARNAME ""
| #define PACKAGE_VERSION ""
| #define PACKAGE_STRING ""
| #define PACKAGE_BUGREPORT ""
| #define PACKAGE_URL ""
| /* end confdefs.h.  */
| #include <ac_nonexistent.h>
configure:6701: result: gcc -E
configure:6721: gcc -E  conftest.c
configure:6721: $? = 0
configure:6735: gcc -E  conftest.c
conftest.c:9:28: fatal error: ac_nonexistent.h: No such file or directory
compilation terminated.
configure:6735: $? = 1
configure: failed program was:
| /* confdefs.h */
| #define PACKAGE_NAME ""
| #define PACKAGE_TARNAME ""
| #define PACKAGE_VERSION ""
| #define PACKAGE_STRING ""
| #define PACKAGE_BUGREPORT ""
| #define PACKAGE_URL ""
| /* end confdefs.h.  */
| #include <ac_nonexistent.h>
configure:6764: checking for ANSI C header files
configure:6784: gcc -c -g -O2  conftest.c >&5
configure:6784: $? = 0
configure:6857: gcc -o conftest -g -O2   conftest.c  >&5
configure:6857: $? = 0
configure:6857: ./conftest
configure:6857: $? = 0
configure:6868: result: yes
configure:6881: checking for sys/types.h
configure:6881: gcc -c -g -O2  conftest.c >&5
configure:6881: $? = 0
configure:6881: result: yes
configure:6881: checking for sys/stat.h
configure:6881: gcc -c -g -O2  conftest.c >&5
configure:6881: $? = 0
configure:6881: result: yes
configure:6881: checking for stdlib.h
configure:6881: gcc -c -g -O2  conftest.c >&5
configure:6881: $? = 0
configure:6881: result: yes
configure:6881: checking for string.h
configure:6881: gcc -c -g -O2  conftest.c >&5
configure:6881: $? = 0
configure:6881: result: yes
configure:6881: checking for memory.h
configure:6881: gcc -c -g -O2  conftest.c >&5
configure:6881: $? = 0
configure:6881: result: yes
configure:6881: checking for strings.h
configure:6881: gcc -c -g -O2  conftest.c >&5
configure:6881: $? = 0
configure:6881: result: yes
configure:6881: checking for inttypes.h
configure:6881: gcc -c -g -O2  conftest.c >&5
configure:6881: $? = 0
configure:6881: result: yes
configure:6881: checking for stdint.h
configure:6881: gcc -c -g -O2  conftest.c >&5
configure:6881: $? = 0
configure:6881: result: yes
configure:6881: checking for unistd.h
configure:6881: gcc -c -g -O2  conftest.c >&5
configure:6881: $? = 0
configure:6881: result: yes
configure:6895: checking for dlfcn.h
configure:6895: gcc -c -g -O2  conftest.c >&5
configure:6895: $? = 0
configure:6895: result: yes
configure:7101: checking for objdir
configure:7116: result: .libs
configure:7387: checking if gcc supports -fno-rtti -fno-exceptions
configure:7405: gcc -c -g -O2  -fno-rtti -fno-exceptions conftest.c >&5
cc1: warning: command line option '-fno-rtti' is valid for C++/ObjC++ but not for C
configure:7409: $? = 0
configure:7422: result: no
configure:7749: checking for gcc option to produce PIC
configure:7756: result: -fPIC -DPIC
configure:7764: checking if gcc PIC flag -fPIC -DPIC works
configure:7782: gcc -c -g -O2  -fPIC -DPIC -DPIC conftest.c >&5
configure:7786: $? = 0
configure:7799: result: yes
configure:7828: checking if gcc static flag -static works
configure:7856: result: yes
configure:7871: checking if gcc supports -c -o file.o
configure:7892: gcc -c -g -O2  -o out/conftest2.o conftest.c >&5
configure:7896: $? = 0
configure:7918: result: yes
configure:7926: checking if gcc supports -c -o file.o
configure:7973: result: yes
configure:8006: checking whether the gcc linker (/usr/bin/ld -m elf_x86_64) supports shared libraries
configure:9163: result: yes
configure:9200: checking whether -lc should be explicitly linked in
configure:9208: gcc -c -g -O2  conftest.c >&5
configure:9211: $? = 0
configure:9226: gcc -shared  -fPIC -DPIC conftest.o  -v -Wl,-soname -Wl,conftest -o conftest 2\>\&1 \| /bin/grep  -lc  \>/dev/null 2\>\&1
configure:9229: $? = 0
configure:9243: result: no
configure:9403: checking dynamic linker characteristics
configure:9903: gcc -o conftest -g -O2   -Wl,-rpath -Wl,/foo conftest.c  >&5
configure:9903: $? = 0
configure:10137: result: GNU/Linux ld.so
configure:10244: checking how to hardcode library paths into programs
configure:10269: result: immediate
configure:10809: checking whether stripping libraries is possible
configure:10814: result: yes
configure:10849: checking if libtool supports shared libraries
configure:10851: result: yes
configure:10854: checking whether to build shared libraries
configure:10875: result: yes
configure:10878: checking whether to build static libraries
configure:10882: result: yes
configure:10968: checking for gcc
configure:10995: result: gcc
configure:11224: checking for C compiler version
configure:11233: gcc --version >&5
gcc (Ubuntu 5.4.0-6ubuntu1~16.04.11) 5.4.0 20160609
Copyright (C) 2015 Free Software Foundation, Inc.
This is free software; see the source for copying conditions.  There is NO
warranty; not even for MERCHANTABILITY or FITNESS FOR A PARTICULAR PURPOSE.

configure:11244: $? = 0
configure:11233: gcc -v >&5
Using built-in specs.
COLLECT_GCC=gcc
COLLECT_LTO_WRAPPER=/usr/lib/gcc/x86_64-linux-gnu/5/lto-wrapper
Target: x86_64-linux-gnu
Configured with: ../src/configure -v --with-pkgversion='Ubuntu 5.4.0-6ubuntu1~16.04.11' --with-bugurl=file:///usr/share/doc/gcc-5/README.Bugs --enable-languages=c,ada,c++,java,go,d,fortran,objc,obj-c++ --prefix=/usr --program-suffix=-5 --enable-shared --enable-linker-build-id --libexecdir=/usr/lib --without-included-gettext --enable-threads=posix --libdir=/usr/lib --enable-nls --with-sysroot=/ --enable-clocale=gnu --enable-libstdcxx-debug --enable-libstdcxx-time=yes --with-default-libstdcxx-abi=new --enable-gnu-unique-object --disable-vtable-verify --enable-libmpx --enable-plugin --with-system-zlib --disable-browser-plugin --enable-java-awt=gtk --enable-gtk-cairo --with-java-home=/usr/lib/jvm/java-1.5.0-gcj-5-amd64/jre --enable-java-home --with-jvm-root-dir=/usr/lib/jvm/java-1.5.0-gcj-5-amd64 --with-jvm-jar-dir=/usr/lib/jvm-exports/java-1.5.0-gcj-5-amd64 --with-arch-directory=amd64 --with-ecj-jar=/usr/share/java/eclipse-ecj.jar --enable-objc-gc --enable-multiarch --disable-werror --with-arch-32=i686 --with-abi=m64 --with-multilib-list=m32,m64,mx32 --enable-multilib --with-tune=generic --enable-checking=release --build=x86_64-linux-gnu --host=x86_64-linux-gnu --target=x86_64-linux-gnu
Thread model: posix
gcc version 5.4.0 20160609 (Ubuntu 5.4.0-6ubuntu1~16.04.11) 
configure:11244: $? = 0
configure:11233: gcc -V >&5
gcc: error: unrecognized command line option '-V'
gcc: fatal error: no input files
compilation terminated.
configure:11244: $? = 1
configure:11233: gcc -qversion >&5
gcc: error: unrecognized command line option '-qversion'
gcc: fatal error: no input files
compilation terminated.
configure:11244: $? = 1
configure:11248: checking whether we are using the GNU C compiler
configure:11276: result: yes
configure:11285: checking whether gcc accepts -g
configure:11346: result: yes
configure:11363: checking for gcc option to accept ISO C89
configure:11439: result: none needed
configure:11464: checking how to run the C preprocessor
configure:11534: result: gcc -E
configure:11554: gcc -E  conftest.c
configure:11554: $? = 0
configure:11568: gcc -E  conftest.c
conftest.c:21:28: fatal error: ac_nonexistent.h: No such file or directory
compilation terminated.
configure:11568: $? = 1
configure: failed program was:
| /* confdefs.h */
| #define PACKAGE_NAME ""
| #define PACKAGE_TARNAME ""
| #define PACKAGE_VERSION ""
| #define PACKAGE_STRING ""
| #define PACKAGE_BUGREPORT ""
| #define PACKAGE_URL ""
| #define STDC_HEADERS 1
| #define HAVE_SYS_TYPES_H 1
| #define HAVE_SYS_STAT_H 1
| #define HAVE_STDLIB_H 1
| #define HAVE_STRING_H 1
| #define HAVE_MEMORY_H 1
| #define HAVE_STRINGS_H 1
| #define HAVE_INTTYPES_H 1
| #define HAVE_STDINT_H 1
| #define HAVE_UNISTD_H 1
| #define HAVE_DLFCN_H 1
| #define LT_OBJDIR ".libs/"
| /* end confdefs.h.  */
| #include <ac_nonexistent.h>
configure:11654: checking for g++
configure:11670: found /usr/bin/g++
configure:11681: result: g++
configure:11708: checking for C++ compiler version
configure:11717: g++ --version >&5
g++ (Ubuntu 5.4.0-6ubuntu1~16.04.11) 5.4.0 20160609
Copyright (C) 2015 Free Software Foundation, Inc.
This is free software; see the source for copying conditions.  There is NO
warranty; not even for MERCHANTABILITY or FITNESS FOR A PARTICULAR PURPOSE.

configure:11728: $? = 0
configure:11717: g++ -v >&5
Using built-in specs.
COLLECT_GCC=g++
COLLECT_LTO_WRAPPER=/usr/lib/gcc/x86_64-linux-gnu/5/lto-wrapper
Target: x86_64-linux-gnu
Configured with: ../src/configure -v --with-pkgversion='Ubuntu 5.4.0-6ubuntu1~16.04.11' --with-bugurl=file:///usr/share/doc/gcc-5/README.Bugs --enable-languages=c,ada,c++,java,go,d,fortran,objc,obj-c++ --prefix=/usr --program-suffix=-5 --enable-shared --enable-linker-build-id --libexecdir=/usr/lib --without-included-gettext --enable-threads=posix --libdir=/usr/lib --enable-nls --with-sysroot=/ --enable-clocale=gnu --enable-libstdcxx-debug --enable-libstdcxx-time=yes --with-default-libstdcxx-abi=new --enable-gnu-unique-object --disable-vtable-verify --enable-libmpx --enable-plugin --with-system-zlib --disable-browser-plugin --enable-java-awt=gtk --enable-gtk-cairo --with-java-home=/usr/lib/jvm/java-1.5.0-gcj-5-amd64/jre --enable-java-home --with-jvm-root-dir=/usr/lib/jvm/java-1.5.0-gcj-5-amd64 --with-jvm-jar-dir=/usr/lib/jvm-exports/java-1.5.0-gcj-5-amd64 --with-arch-directory=amd64 --with-ecj-jar=/usr/share/java/eclipse-ecj.jar --enable-objc-gc --enable-multiarch --disable-werror --with-arch-32=i686 --with-abi=m64 --with-multilib-list=m32,m64,mx32 --enable-multilib --with-tune=generic --enable-checking=release --build=x86_64-linux-gnu --host=x86_64-linux-gnu --target=x86_64-linux-gnu
Thread model: posix
gcc version 5.4.0 20160609 (Ubuntu 5.4.0-6ubuntu1~16.04.11) 
configure:11728: $? = 0
configure:11717: g++ -V >&5
g++: error: unrecognized command line option '-V'
g++: fatal error: no input files
compilation terminated.
configure:11728: $? = 1
configure:11717: g++ -qversion >&5
g++: error: unrecognized command line option '-qversion'
g++: fatal error: no input files
compilation terminated.
configure:11728: $? = 1
configure:11732: checking whether we are using the GNU C++ compiler
configure:11751: g++ -c   conftest.cpp >&5
configure:11751: $? = 0
configure:11760: result: yes
configure:11769: checking whether g++ accepts -g
configure:11789: g++ -c -g  conftest.cpp >&5
configure:11789: $? = 0
configure:11830: result: yes
configure:11871: checking how to run the C++ preprocessor
configure:11898: g++ -E  conftest.cpp
configure:11898: $? = 0
configure:11912: g++ -E  conftest.cpp
conftest.cpp:21:28: fatal error: ac_nonexistent.h: No such file or directory
compilation terminated.
configure:11912: $? = 1
configure: failed program was:
| /* confdefs.h */
| #define PACKAGE_NAME ""
| #define PACKAGE_TARNAME ""
| #define PACKAGE_VERSION ""
| #define PACKAGE_STRING ""
| #define PACKAGE_BUGREPORT ""
| #define PACKAGE_URL ""
| #define STDC_HEADERS 1
| #define HAVE_SYS_TYPES_H 1
| #define HAVE_SYS_STAT_H 1
| #define HAVE_STDLIB_H 1
| #define HAVE_STRING_H 1
| #define HAVE_MEMORY_H 1
| #define HAVE_STRINGS_H 1
| #define HAVE_INTTYPES_H 1
| #define HAVE_STDINT_H 1
| #define HAVE_UNISTD_H 1
| #define HAVE_DLFCN_H 1
| #define LT_OBJDIR ".libs/"
| /* end confdefs.h.  */
| #include <ac_nonexistent.h>
configure:11937: result: g++ -E
configure:11957: g++ -E  conftest.cpp
configure:11957: $? = 0
configure:11971: g++ -E  conftest.cpp
conftest.cpp:21:28: fatal error: ac_nonexistent.h: No such file or directory
compilation terminated.
configure:11971: $? = 1
configure: failed program was:
| /* confdefs.h */
| #define PACKAGE_NAME ""
| #define PACKAGE_TARNAME ""
| #define PACKAGE_VERSION ""
| #define PACKAGE_STRING ""
| #define PACKAGE_BUGREPORT ""
| #define PACKAGE_URL ""
| #define STDC_HEADERS 1
| #define HAVE_SYS_TYPES_H 1
| #define HAVE_SYS_STAT_H 1
| #define HAVE_STDLIB_H 1
| #define HAVE_STRING_H 1
| #define HAVE_MEMORY_H 1
| #define HAVE_STRINGS_H 1
| #define HAVE_INTTYPES_H 1
| #define HAVE_STDINT_H 1
| #define HAVE_UNISTD_H 1
| #define HAVE_DLFCN_H 1
| #define LT_OBJDIR ".libs/"
| /* end confdefs.h.  */
| #include <ac_nonexistent.h>
configure:12140: checking for ld used by g++
configure:12207: result: /usr/bin/ld -m elf_x86_64
configure:12214: checking if the linker (/usr/bin/ld -m elf_x86_64) is GNU ld
configure:12229: result: yes
configure:12284: checking whether the g++ linker (/usr/bin/ld -m elf_x86_64) supports shared libraries
configure:13286: result: yes
configure:13322: g++ -c -g -O2  conftest.cpp >&5
configure:13325: $? = 0
configure:13845: checking for g++ option to produce PIC
configure:13852: result: -fPIC -DPIC
configure:13860: checking if g++ PIC flag -fPIC -DPIC works
configure:13878: g++ -c -g -O2  -fPIC -DPIC -DPIC conftest.cpp >&5
configure:13882: $? = 0
configure:13895: result: yes
configure:13918: checking if g++ static flag -static works
configure:13946: result: yes
configure:13958: checking if g++ supports -c -o file.o
configure:13979: g++ -c -g -O2  -o out/conftest2.o conftest.cpp >&5
configure:13983: $? = 0
configure:14005: result: yes
configure:14010: checking if g++ supports -c -o file.o
configure:14057: result: yes
configure:14087: checking whether the g++ linker (/usr/bin/ld -m elf_x86_64) supports shared libraries
configure:14126: result: yes
configure:14267: checking dynamic linker characteristics
configure:14935: result: GNU/Linux ld.so
configure:14988: checking how to hardcode library paths into programs
configure:15013: result: immediate
configure:15053: checking for grep that handles long lines and -e
configure:15111: result: /bin/grep
configure:15118: checking for ant
configure:15151: result: no
configure:15160: checking for cpp
configure:15178: found /usr/bin/cpp
configure:15190: result: /usr/bin/cpp
configure:15256: checking if g++ supports -Wall
configure:15274: gcc -c -g -O2  -Wall conftest.c >&5
configure:15278: $? = 0
configure:15291: result: yes
configure:15300: checking if g++ supports -Wmissing-prototypes
configure:15318: gcc -c -g -O2  -Wmissing-prototypes conftest.c >&5
configure:15322: $? = 0
configure:15335: result: yes
configure:15347: checking if g++ supports -ffloat-store
configure:15365: gcc -c -g -O2  -ffloat-store conftest.c >&5
configure:15369: $? = 0
configure:15382: result: yes
configure:15425: checking for flex
configure:15455: result: no
configure:15425: checking for lex
configure:15455: result: no
configure:15584: checking for bison
configure:15614: result: no
configure:15584: checking for byacc
configure:15614: result: no
configure:15626: checking ieeefp.h usability
configure:15626: gcc -c -g -O2  conftest.c >&5
conftest.c:57:20: fatal error: ieeefp.h: No such file or directory
compilation terminated.
configure:15626: $? = 1
configure: failed program was:
| /* confdefs.h */
| #define PACKAGE_NAME ""
| #define PACKAGE_TARNAME ""
| #define PACKAGE_VERSION ""
| #define PACKAGE_STRING ""
| #define PACKAGE_BUGREPORT ""
| #define PACKAGE_URL ""
| #define STDC_HEADERS 1
| #define HAVE_SYS_TYPES_H 1
| #define HAVE_SYS_STAT_H 1
| #define HAVE_STDLIB_H 1
| #define HAVE_STRING_H 1
| #define HAVE_MEMORY_H 1
| #define HAVE_STRINGS_H 1
| #define HAVE_INTTYPES_H 1
| #define HAVE_STDINT_H 1
| #define HAVE_UNISTD_H 1
| #define HAVE_DLFCN_H 1
| #define LT_OBJDIR ".libs/"
| #define POSTGIS_MAJOR_VERSION "2"
| #define POSTGIS_MINOR_VERSION "1"
| #define POSTGIS_MICRO_VERSION "3"
| /* end confdefs.h.  */
| #include <stdio.h>
| #ifdef HAVE_SYS_TYPES_H
| # include <sys/types.h>
| #endif
| #ifdef HAVE_SYS_STAT_H
| # include <sys/stat.h>
| #endif
| #ifdef STDC_HEADERS
| # include <stdlib.h>
| # include <stddef.h>
| #else
| # ifdef HAVE_STDLIB_H
| #  include <stdlib.h>
| # endif
| #endif
| #ifdef HAVE_STRING_H
| # if !defined STDC_HEADERS && defined HAVE_MEMORY_H
| #  include <memory.h>
| # endif
| # include <string.h>
| #endif
| #ifdef HAVE_STRINGS_H
| # include <strings.h>
| #endif
| #ifdef HAVE_INTTYPES_H
| # include <inttypes.h>
| #endif
| #ifdef HAVE_STDINT_H
| # include <stdint.h>
| #endif
| #ifdef HAVE_UNISTD_H
| # include <unistd.h>
| #endif
| #include <ieeefp.h>
configure:15626: result: no
configure:15626: checking ieeefp.h presence
configure:15626: gcc -E  conftest.c
conftest.c:24:20: fatal error: ieeefp.h: No such file or directory
compilation terminated.
configure:15626: $? = 1
configure: failed program was:
| /* confdefs.h */
| #define PACKAGE_NAME ""
| #define PACKAGE_TARNAME ""
| #define PACKAGE_VERSION ""
| #define PACKAGE_STRING ""
| #define PACKAGE_BUGREPORT ""
| #define PACKAGE_URL ""
| #define STDC_HEADERS 1
| #define HAVE_SYS_TYPES_H 1
| #define HAVE_SYS_STAT_H 1
| #define HAVE_STDLIB_H 1
| #define HAVE_STRING_H 1
| #define HAVE_MEMORY_H 1
| #define HAVE_STRINGS_H 1
| #define HAVE_INTTYPES_H 1
| #define HAVE_STDINT_H 1
| #define HAVE_UNISTD_H 1
| #define HAVE_DLFCN_H 1
| #define LT_OBJDIR ".libs/"
| #define POSTGIS_MAJOR_VERSION "2"
| #define POSTGIS_MINOR_VERSION "1"
| #define POSTGIS_MICRO_VERSION "3"
| /* end confdefs.h.  */
| #include <ieeefp.h>
configure:15626: result: no
configure:15626: checking for ieeefp.h
configure:15626: result: no
configure:15639: checking termios.h usability
configure:15639: gcc -c -g -O2  conftest.c >&5
configure:15639: $? = 0
configure:15639: result: yes
configure:15639: checking termios.h presence
configure:15639: gcc -E  conftest.c
configure:15639: $? = 0
configure:15639: result: yes
configure:15639: checking for termios.h
configure:15639: result: yes
configure:15654: checking for vasprintf
configure:15654: gcc -o conftest -g -O2   conftest.c  >&5
configure:15654: $? = 0
configure:15654: result: yes
configure:15663: checking for asprintf
configure:15663: gcc -o conftest -g -O2   conftest.c  >&5
configure:15663: $? = 0
configure:15663: result: yes
configure:15672: checking for _LARGEFILE_SOURCE value needed for large files
configure:15691: gcc -o conftest -g -O2   conftest.c  >&5
configure:15691: $? = 0
configure:15719: result: no
configure:15753: checking for perl
configure:15771: found /usr/bin/perl
configure:15783: result: /usr/bin/perl
configure:15799: checking for convert
configure:15832: result: no
configure:15838: WARNING: ImageMagick does not seem to be installed. Documentation cannot be built
configure:15844: checking for xsltproc
configure:15862: found /usr/bin/xsltproc
configure:15874: result: /usr/bin/xsltproc
configure:15889: checking for xmllint
configure:15922: result: no
configure:15928: WARNING: xmllint is not installed so documentation cannot be checked
configure:15934: checking for dblatex
configure:15967: result: no
configure:15973: WARNING: dblatex is not installed so PDF documentation cannot be built
configure:16051: checking CUnit/CUnit.h usability
configure:16051: gcc -c -g -O2  conftest.c >&5
conftest.c:62:25: fatal error: CUnit/CUnit.h: No such file or directory
compilation terminated.
configure:16051: $? = 1
configure: failed program was:
| /* confdefs.h */
| #define PACKAGE_NAME ""
| #define PACKAGE_TARNAME ""
| #define PACKAGE_VERSION ""
| #define PACKAGE_STRING ""
| #define PACKAGE_BUGREPORT ""
| #define PACKAGE_URL ""
| #define STDC_HEADERS 1
| #define HAVE_SYS_TYPES_H 1
| #define HAVE_SYS_STAT_H 1
| #define HAVE_STDLIB_H 1
| #define HAVE_STRING_H 1
| #define HAVE_MEMORY_H 1
| #define HAVE_STRINGS_H 1
| #define HAVE_INTTYPES_H 1
| #define HAVE_STDINT_H 1
| #define HAVE_UNISTD_H 1
| #define HAVE_DLFCN_H 1
| #define LT_OBJDIR ".libs/"
| #define POSTGIS_MAJOR_VERSION "2"
| #define POSTGIS_MINOR_VERSION "1"
| #define POSTGIS_MICRO_VERSION "3"
| #define HAVE_IEEEFP_H 0
| #define HAVE_TERMIOS_H 1
| #define HAVE_VASPRINTF 1
| #define HAVE_ASPRINTF 1
| #define HAVE_FSEEKO 1
| /* end confdefs.h.  */
| #include <stdio.h>
| #ifdef HAVE_SYS_TYPES_H
| # include <sys/types.h>
| #endif
| #ifdef HAVE_SYS_STAT_H
| # include <sys/stat.h>
| #endif
| #ifdef STDC_HEADERS
| # include <stdlib.h>
| # include <stddef.h>
| #else
| # ifdef HAVE_STDLIB_H
| #  include <stdlib.h>
| # endif
| #endif
| #ifdef HAVE_STRING_H
| # if !defined STDC_HEADERS && defined HAVE_MEMORY_H
| #  include <memory.h>
| # endif
| # include <string.h>
| #endif
| #ifdef HAVE_STRINGS_H
| # include <strings.h>
| #endif
| #ifdef HAVE_INTTYPES_H
| # include <inttypes.h>
| #endif
| #ifdef HAVE_STDINT_H
| # include <stdint.h>
| #endif
| #ifdef HAVE_UNISTD_H
| # include <unistd.h>
| #endif
| #include <CUnit/CUnit.h>
configure:16051: result: no
configure:16051: checking CUnit/CUnit.h presence
configure:16051: gcc -E  conftest.c
conftest.c:29:25: fatal error: CUnit/CUnit.h: No such file or directory
compilation terminated.
configure:16051: $? = 1
configure: failed program was:
| /* confdefs.h */
| #define PACKAGE_NAME ""
| #define PACKAGE_TARNAME ""
| #define PACKAGE_VERSION ""
| #define PACKAGE_STRING ""
| #define PACKAGE_BUGREPORT ""
| #define PACKAGE_URL ""
| #define STDC_HEADERS 1
| #define HAVE_SYS_TYPES_H 1
| #define HAVE_SYS_STAT_H 1
| #define HAVE_STDLIB_H 1
| #define HAVE_STRING_H 1
| #define HAVE_MEMORY_H 1
| #define HAVE_STRINGS_H 1
| #define HAVE_INTTYPES_H 1
| #define HAVE_STDINT_H 1
| #define HAVE_UNISTD_H 1
| #define HAVE_DLFCN_H 1
| #define LT_OBJDIR ".libs/"
| #define POSTGIS_MAJOR_VERSION "2"
| #define POSTGIS_MINOR_VERSION "1"
| #define POSTGIS_MICRO_VERSION "3"
| #define HAVE_IEEEFP_H 0
| #define HAVE_TERMIOS_H 1
| #define HAVE_VASPRINTF 1
| #define HAVE_ASPRINTF 1
| #define HAVE_FSEEKO 1
| /* end confdefs.h.  */
| #include <CUnit/CUnit.h>
configure:16051: result: no
configure:16051: checking for CUnit/CUnit.h
configure:16051: result: no
configure:16101: WARNING: could not locate CUnit required for unit tests
configure:16138: checking iconv.h usability
configure:16138: gcc -c -g -O2  conftest.c >&5
configure:16138: $? = 0
configure:16138: result: yes
configure:16138: checking iconv.h presence
configure:16138: gcc -E  conftest.c
configure:16138: $? = 0
configure:16138: result: yes
configure:16138: checking for iconv.h
configure:16138: result: yes
configure:16146: checking for libiconv_open in -liconv
configure:16171: gcc -o conftest -g -O2   conftest.c -liconv   >&5
/usr/bin/ld: cannot find -liconv
collect2: error: ld returned 1 exit status
configure:16171: $? = 1
configure: failed program was:
| /* confdefs.h */
| #define PACKAGE_NAME ""
| #define PACKAGE_TARNAME ""
| #define PACKAGE_VERSION ""
| #define PACKAGE_STRING ""
| #define PACKAGE_BUGREPORT ""
| #define PACKAGE_URL ""
| #define STDC_HEADERS 1
| #define HAVE_SYS_TYPES_H 1
| #define HAVE_SYS_STAT_H 1
| #define HAVE_STDLIB_H 1
| #define HAVE_STRING_H 1
| #define HAVE_MEMORY_H 1
| #define HAVE_STRINGS_H 1
| #define HAVE_INTTYPES_H 1
| #define HAVE_STDINT_H 1
| #define HAVE_UNISTD_H 1
| #define HAVE_DLFCN_H 1
| #define LT_OBJDIR ".libs/"
| #define POSTGIS_MAJOR_VERSION "2"
| #define POSTGIS_MINOR_VERSION "1"
| #define POSTGIS_MICRO_VERSION "3"
| #define HAVE_IEEEFP_H 0
| #define HAVE_TERMIOS_H 1
| #define HAVE_VASPRINTF 1
| #define HAVE_ASPRINTF 1
| #define HAVE_FSEEKO 1
| /* end confdefs.h.  */
| 
| /* Override any GCC internal prototype to avoid an error.
|    Use char because int might match the return type of a GCC
|    builtin and then its argument prototype would still apply.  */
| #ifdef __cplusplus
| extern "C"
| #endif
| char libiconv_open ();
| int
| main ()
| {
| return libiconv_open ();
|   ;
|   return 0;
| }
configure:16180: result: no
configure:16187: checking for iconv_open in -lc
configure:16212: gcc -o conftest -g -O2   conftest.c -lc   >&5
configure:16212: $? = 0
configure:16221: result: yes
configure:16280: checking for iconvctl
configure:16280: gcc -o conftest -g -O2   conftest.c  >&5
/tmp/ccpQ5vBr.o: In function `main':
/opt/yhmp-app/YHMP/postgis-2.1.3/conftest.c:63: undefined reference to `iconvctl'
collect2: error: ld returned 1 exit status
configure:16280: $? = 1
configure: failed program was:
| /* confdefs.h */
| #define PACKAGE_NAME ""
| #define PACKAGE_TARNAME ""
| #define PACKAGE_VERSION ""
| #define PACKAGE_STRING ""
| #define PACKAGE_BUGREPORT ""
| #define PACKAGE_URL ""
| #define STDC_HEADERS 1
| #define HAVE_SYS_TYPES_H 1
| #define HAVE_SYS_STAT_H 1
| #define HAVE_STDLIB_H 1
| #define HAVE_STRING_H 1
| #define HAVE_MEMORY_H 1
| #define HAVE_STRINGS_H 1
| #define HAVE_INTTYPES_H 1
| #define HAVE_STDINT_H 1
| #define HAVE_UNISTD_H 1
| #define HAVE_DLFCN_H 1
| #define LT_OBJDIR ".libs/"
| #define POSTGIS_MAJOR_VERSION "2"
| #define POSTGIS_MINOR_VERSION "1"
| #define POSTGIS_MICRO_VERSION "3"
| #define HAVE_IEEEFP_H 0
| #define HAVE_TERMIOS_H 1
| #define HAVE_VASPRINTF 1
| #define HAVE_ASPRINTF 1
| #define HAVE_FSEEKO 1
| /* end confdefs.h.  */
| /* Define iconvctl to an innocuous variant, in case <limits.h> declares iconvctl.
|    For example, HP-UX 11i <limits.h> declares gettimeofday.  */
| #define iconvctl innocuous_iconvctl
| 
| /* System header to define __stub macros and hopefully few prototypes,
|     which can conflict with char iconvctl (); below.
|     Prefer <limits.h> to <assert.h> if __STDC__ is defined, since
|     <limits.h> exists even on freestanding compilers.  */
| 
| #ifdef __STDC__
| # include <limits.h>
| #else
| # include <assert.h>
| #endif
| 
| #undef iconvctl
| 
| /* Override any GCC internal prototype to avoid an error.
|    Use char because int might match the return type of a GCC
|    builtin and then its argument prototype would still apply.  */
| #ifdef __cplusplus
| extern "C"
| #endif
| char iconvctl ();
| /* The GNU C library defines this for functions which it implements
|     to always fail with ENOSYS.  Some functions are actually named
|     something starting with __ and the normal name is an alias.  */
| #if defined __stub_iconvctl || defined __stub___iconvctl
| choke me
| #endif
| 
| int
| main ()
| {
| return iconvctl ();
|   ;
|   return 0;
| }
configure:16280: result: no
configure:16280: checking for libiconvctl
configure:16280: gcc -o conftest -g -O2   conftest.c  >&5
/tmp/ccztCyss.o: In function `main':
/opt/yhmp-app/YHMP/postgis-2.1.3/conftest.c:63: undefined reference to `libiconvctl'
collect2: error: ld returned 1 exit status
configure:16280: $? = 1
configure: failed program was:
| /* confdefs.h */
| #define PACKAGE_NAME ""
| #define PACKAGE_TARNAME ""
| #define PACKAGE_VERSION ""
| #define PACKAGE_STRING ""
| #define PACKAGE_BUGREPORT ""
| #define PACKAGE_URL ""
| #define STDC_HEADERS 1
| #define HAVE_SYS_TYPES_H 1
| #define HAVE_SYS_STAT_H 1
| #define HAVE_STDLIB_H 1
| #define HAVE_STRING_H 1
| #define HAVE_MEMORY_H 1
| #define HAVE_STRINGS_H 1
| #define HAVE_INTTYPES_H 1
| #define HAVE_STDINT_H 1
| #define HAVE_UNISTD_H 1
| #define HAVE_DLFCN_H 1
| #define LT_OBJDIR ".libs/"
| #define POSTGIS_MAJOR_VERSION "2"
| #define POSTGIS_MINOR_VERSION "1"
| #define POSTGIS_MICRO_VERSION "3"
| #define HAVE_IEEEFP_H 0
| #define HAVE_TERMIOS_H 1
| #define HAVE_VASPRINTF 1
| #define HAVE_ASPRINTF 1
| #define HAVE_FSEEKO 1
| /* end confdefs.h.  */
| /* Define libiconvctl to an innocuous variant, in case <limits.h> declares libiconvctl.
|    For example, HP-UX 11i <limits.h> declares gettimeofday.  */
| #define libiconvctl innocuous_libiconvctl
| 
| /* System header to define __stub macros and hopefully few prototypes,
|     which can conflict with char libiconvctl (); below.
|     Prefer <limits.h> to <assert.h> if __STDC__ is defined, since
|     <limits.h> exists even on freestanding compilers.  */
| 
| #ifdef __STDC__
| # include <limits.h>
| #else
| # include <assert.h>
| #endif
| 
| #undef libiconvctl
| 
| /* Override any GCC internal prototype to avoid an error.
|    Use char because int might match the return type of a GCC
|    builtin and then its argument prototype would still apply.  */
| #ifdef __cplusplus
| extern "C"
| #endif
| char libiconvctl ();
| /* The GNU C library defines this for functions which it implements
|     to always fail with ENOSYS.  Some functions are actually named
|     something starting with __ and the normal name is an alias.  */
| #if defined __stub_libiconvctl || defined __stub___libiconvctl
| choke me
| #endif
| 
| int
| main ()
| {
| return libiconvctl ();
|   ;
|   return 0;
| }
configure:16280: result: no
configure:16320: checking for pg_config
configure:16338: found /usr/bin/pg_config
configure:16350: result: /usr/bin/pg_config
configure:16394: result: checking PostgreSQL version... PostgreSQL 9.3.25
configure:16447: checking libpq-fe.h usability
configure:16447: gcc -c -g -O2 -I/usr/include/postgresql conftest.c >&5
configure:16447: $? = 0
configure:16447: result: yes
configure:16447: checking libpq-fe.h presence
configure:16447: gcc -E -I/usr/include/postgresql conftest.c
configure:16447: $? = 0
configure:16447: result: yes
configure:16447: checking for libpq-fe.h
configure:16447: result: yes
configure:16459: checking for PQserverVersion in -lpq
configure:16484: gcc -o conftest -g -O2   conftest.c -lpq  -L/usr/lib/x86_64-linux-gnu -lpq >&5
configure:16484: $? = 0
configure:16493: result: yes
configure:16549: checking for xml2-config
configure:16567: found /usr/bin/xml2-config
configure:16579: result: /usr/bin/xml2-config
configure:16615: checking libxml/tree.h usability
configure:16615: gcc -c -g -O2 -I/usr/include/libxml2 conftest.c >&5
configure:16615: $? = 0
configure:16615: result: yes
configure:16615: checking libxml/tree.h presence
configure:16615: gcc -E -I/usr/include/libxml2 conftest.c
configure:16615: $? = 0
configure:16615: result: yes
configure:16615: checking for libxml/tree.h
configure:16615: result: yes
configure:16615: checking libxml/parser.h usability
configure:16615: gcc -c -g -O2 -I/usr/include/libxml2 conftest.c >&5
configure:16615: $? = 0
configure:16615: result: yes
configure:16615: checking libxml/parser.h presence
configure:16615: gcc -E -I/usr/include/libxml2 conftest.c
configure:16615: $? = 0
configure:16615: result: yes
configure:16615: checking for libxml/parser.h
configure:16615: result: yes
configure:16615: checking libxml/xpath.h usability
configure:16615: gcc -c -g -O2 -I/usr/include/libxml2 conftest.c >&5
configure:16615: $? = 0
configure:16615: result: yes
configure:16615: checking libxml/xpath.h presence
configure:16615: gcc -E -I/usr/include/libxml2 conftest.c
configure:16615: $? = 0
configure:16615: result: yes
configure:16615: checking for libxml/xpath.h
configure:16615: result: yes
configure:16615: checking libxml/xpathInternals.h usability
configure:16615: gcc -c -g -O2 -I/usr/include/libxml2 conftest.c >&5
configure:16615: $? = 0
configure:16615: result: yes
configure:16615: checking libxml/xpathInternals.h presence
configure:16615: gcc -E -I/usr/include/libxml2 conftest.c
configure:16615: $? = 0
configure:16615: result: yes
configure:16615: checking for libxml/xpathInternals.h
configure:16615: result: yes
configure:16631: checking for xmlInitParser in -lxml2
configure:16656: gcc -o conftest -g -O2   conftest.c -lxml2  -lxml2 >&5
configure:16656: $? = 0
configure:16665: result: yes
configure:16702: checking for geos-config
configure:16720: found /usr/local/bin/geos-config
configure:16732: result: /usr/local/bin/geos-config
configure:16769: result: checking GEOS version... 3.4.2
configure:16782: checking geos_c.h usability
configure:16782: gcc -c -g -O2 -I/usr/local/include conftest.c >&5
configure:16782: $? = 0
configure:16782: result: yes
configure:16782: checking geos_c.h presence
configure:16782: gcc -E -I/usr/local/include conftest.c
configure:16782: $? = 0
configure:16782: result: yes
configure:16782: checking for geos_c.h
configure:16782: result: yes
configure:16794: checking for initGEOS in -lgeos_c
configure:16819: gcc -o conftest -g -O2   conftest.c -lgeos_c  -L/usr/local/lib >&5
configure:16819: $? = 0
configure:16828: result: yes
configure:16859: checking for sfcgal-config
configure:16892: result: no
configure:16957: checking whether make sets $(MAKE)
configure:16979: result: yes
configure:17002: checking for a BSD-compatible install
configure:17070: result: /usr/bin/install -c
configure:17081: checking for a thread-safe mkdir -p
configure:17120: result: /bin/mkdir -p
configure:17131: checking whether NLS is requested
configure:17140: result: yes
configure:17181: checking for msgfmt
configure:17216: result: no
configure:17222: checking for gmsgfmt
configure:17253: result: :
configure:17304: checking for xgettext
configure:17339: result: no
configure:17382: checking for msgmerge
configure:17416: result: no
configure:17470: checking for ld used by GCC
configure:17534: result: /usr/bin/ld -m elf_x86_64
configure:17541: checking if the linker (/usr/bin/ld -m elf_x86_64) is GNU ld
configure:17554: result: yes
configure:17561: checking for shared library run path origin
configure:17574: result: done
configure:18075: checking for CFPreferencesCopyAppValue
configure:18093: gcc -o conftest -g -O2   conftest.c  -Wl,-framework -Wl,CoreFoundation >&5
conftest.c:41:42: fatal error: CoreFoundation/CFPreferences.h: No such file or directory
compilation terminated.
configure:18093: $? = 1
configure: failed program was:
| /* confdefs.h */
| #define PACKAGE_NAME ""
| #define PACKAGE_TARNAME ""
| #define PACKAGE_VERSION ""
| #define PACKAGE_STRING ""
| #define PACKAGE_BUGREPORT ""
| #define PACKAGE_URL ""
| #define STDC_HEADERS 1
| #define HAVE_SYS_TYPES_H 1
| #define HAVE_SYS_STAT_H 1
| #define HAVE_STDLIB_H 1
| #define HAVE_STRING_H 1
| #define HAVE_MEMORY_H 1
| #define HAVE_STRINGS_H 1
| #define HAVE_INTTYPES_H 1
| #define HAVE_STDINT_H 1
| #define HAVE_UNISTD_H 1
| #define HAVE_DLFCN_H 1
| #define LT_OBJDIR ".libs/"
| #define POSTGIS_MAJOR_VERSION "2"
| #define POSTGIS_MINOR_VERSION "1"
| #define POSTGIS_MICRO_VERSION "3"
| #define HAVE_IEEEFP_H 0
| #define HAVE_TERMIOS_H 1
| #define HAVE_VASPRINTF 1
| #define HAVE_ASPRINTF 1
| #define HAVE_FSEEKO 1
| #define HAVE_ICONV 1
| #define PGSQL_LOCALEDIR "/usr/share/locale"
| #define HAVE_LIBPQ 1
| #define POSTGIS_PGSQL_VERSION 93
| #define HAVE_LIBXML_TREE_H 1
| #define HAVE_LIBXML_PARSER_H 1
| #define HAVE_LIBXML_XPATH_H 1
| #define HAVE_LIBXML_XPATHINTERNALS_H 1
| #define HAVE_LIBXML2 1
| #define POSTGIS_LIBXML2_VERSION "2.9.3"
| #define HAVE_LIBGEOS_C 1
| #define POSTGIS_GEOS_VERSION 34
| /* end confdefs.h.  */
| #include <CoreFoundation/CFPreferences.h>
| int
| main ()
| {
| CFPreferencesCopyAppValue(NULL, NULL)
|   ;
|   return 0;
| }
configure:18102: result: no
configure:18109: checking for CFLocaleCopyCurrent
configure:18127: gcc -o conftest -g -O2   conftest.c  -Wl,-framework -Wl,CoreFoundation >&5
conftest.c:41:37: fatal error: CoreFoundation/CFLocale.h: No such file or directory
compilation terminated.
configure:18127: $? = 1
configure: failed program was:
| /* confdefs.h */
| #define PACKAGE_NAME ""
| #define PACKAGE_TARNAME ""
| #define PACKAGE_VERSION ""
| #define PACKAGE_STRING ""
| #define PACKAGE_BUGREPORT ""
| #define PACKAGE_URL ""
| #define STDC_HEADERS 1
| #define HAVE_SYS_TYPES_H 1
| #define HAVE_SYS_STAT_H 1
| #define HAVE_STDLIB_H 1
| #define HAVE_STRING_H 1
| #define HAVE_MEMORY_H 1
| #define HAVE_STRINGS_H 1
| #define HAVE_INTTYPES_H 1
| #define HAVE_STDINT_H 1
| #define HAVE_UNISTD_H 1
| #define HAVE_DLFCN_H 1
| #define LT_OBJDIR ".libs/"
| #define POSTGIS_MAJOR_VERSION "2"
| #define POSTGIS_MINOR_VERSION "1"
| #define POSTGIS_MICRO_VERSION "3"
| #define HAVE_IEEEFP_H 0
| #define HAVE_TERMIOS_H 1
| #define HAVE_VASPRINTF 1
| #define HAVE_ASPRINTF 1
| #define HAVE_FSEEKO 1
| #define HAVE_ICONV 1
| #define PGSQL_LOCALEDIR "/usr/share/locale"
| #define HAVE_LIBPQ 1
| #define POSTGIS_PGSQL_VERSION 93
| #define HAVE_LIBXML_TREE_H 1
| #define HAVE_LIBXML_PARSER_H 1
| #define HAVE_LIBXML_XPATH_H 1
| #define HAVE_LIBXML_XPATHINTERNALS_H 1
| #define HAVE_LIBXML2 1
| #define POSTGIS_LIBXML2_VERSION "2.9.3"
| #define HAVE_LIBGEOS_C 1
| #define POSTGIS_GEOS_VERSION 34
| /* end confdefs.h.  */
| #include <CoreFoundation/CFLocale.h>
| int
| main ()
| {
| CFLocaleCopyCurrent();
|   ;
|   return 0;
| }
configure:18136: result: no
configure:18185: checking for GNU gettext in libc
configure:18205: gcc -o conftest -g -O2   conftest.c  >&5
configure:18205: $? = 0
configure:18214: result: yes
configure:18959: checking whether to use NLS
configure:18961: result: yes
configure:18964: checking where the gettext function comes from
configure:18975: result: libc
configure:19073: checking proj_api.h usability
configure:19073: gcc -c -g -O2  conftest.c >&5
configure:19073: $? = 0
configure:19073: result: yes
configure:19073: checking proj_api.h presence
configure:19073: gcc -E  conftest.c
configure:19073: $? = 0
configure:19073: result: yes
configure:19073: checking for proj_api.h
configure:19073: result: yes
configure:19111: gcc -o conftest -g -O2   conftest.c  >&5
configure:19111: $? = 0
configure:19111: ./conftest
configure:19111: $? = 0
configure:19143: checking for pj_get_release in -lproj
configure:19168: gcc -o conftest -g -O2   conftest.c -lproj   >&5
configure:19168: $? = 0
configure:19177: result: yes
configure:19236: checking json-c/json.h usability
configure:19236: gcc -c -g -O2  conftest.c >&5
configure:19236: $? = 0
configure:19236: result: yes
configure:19236: checking json-c/json.h presence
configure:19236: gcc -E  conftest.c
configure:19236: $? = 0
configure:19236: result: yes
configure:19236: checking for json-c/json.h
configure:19236: result: yes
configure:19254: checking for json_object_get in -ljson-c
configure:19279: gcc -o conftest -g -O2   conftest.c -ljson-c   >&5
configure:19279: $? = 0
configure:19288: result: yes
configure:19756: result: CPPFLAGS:  -I/usr/local/include  -I/usr/include/libxml2  
configure:19772: result: TOPOLOGY: Topology support requested
configure:19800: result: RASTER: Raster support requested
configure:19890: checking for gdal-config
configure:19908: found /usr/bin/gdal-config
configure:19920: result: /usr/bin/gdal-config
configure:19932: checking GDAL version
configure:19943: result: 2.2.2
configure:19957: checking for OGR enabled
configure:19965: result: yes
configure:19981: checking gdal.h usability
configure:19981: gcc -c  -I/usr/include/gdal conftest.c >&5
configure:19981: $? = 0
configure:19981: result: yes
configure:19981: checking gdal.h presence
configure:19981: gcc -E -I/usr/include/gdal conftest.c
configure:19981: $? = 0
configure:19981: result: yes
configure:19981: checking for gdal.h
configure:19981: result: yes
configure:19981: checking ogr_api.h usability
configure:19981: gcc -c  -I/usr/include/gdal conftest.c >&5
configure:19981: $? = 0
configure:19981: result: yes
configure:19981: checking ogr_api.h presence
configure:19981: gcc -E -I/usr/include/gdal conftest.c
configure:19981: $? = 0
configure:19981: result: yes
configure:19981: checking for ogr_api.h
configure:19981: result: yes
configure:19981: checking cpl_conv.h usability
configure:19981: gcc -c  -I/usr/include/gdal conftest.c >&5
configure:19981: $? = 0
configure:19981: result: yes
configure:19981: checking cpl_conv.h presence
configure:19981: gcc -E -I/usr/include/gdal conftest.c
configure:19981: $? = 0
configure:19981: result: yes
configure:19981: checking for cpl_conv.h
configure:19981: result: yes
configure:19994: checking for library containing GDALAllRegister
configure:20025: gcc -o conftest  -I/usr/include/gdal  conftest.c -L/usr/lib -lgdal >&5
configure:20025: $? = 0
configure:20042: result: none required
configure:20055: checking for library containing OGRRegisterAll
configure:20086: gcc -o conftest  -I/usr/include/gdal  conftest.c -L/usr/lib -lgdal >&5
configure:20086: $? = 0
configure:20103: result: none required
configure:20116: checking for library containing GDALFPolygonize
configure:20147: gcc -o conftest  -I/usr/include/gdal  conftest.c -L/usr/lib -lgdal >&5
configure:20147: $? = 0
configure:20164: result: none required
configure:20231: result: enabling PostgreSQL extension support...
configure:20357: creating ./config.status

## ---------------------- ##
## Running config.status. ##
## ---------------------- ##

This file was extended by config.status, which was
generated by GNU Autoconf 2.69.  Invocation command line was

  CONFIG_FILES    = 
  CONFIG_HEADERS  = 
  CONFIG_LINKS    = 
  CONFIG_COMMANDS = 
  $ ./config.status 

on ip-172-31-34-9

config.status:1299: creating GNUmakefile
config.status:1299: creating extensions/Makefile
config.status:1299: creating extensions/postgis/Makefile
config.status:1299: creating extensions/postgis/postgis.control
config.status:1299: creating extensions/postgis_topology/Makefile
config.status:1299: creating extensions/postgis_topology/postgis_topology.control
config.status:1299: creating extensions/postgis_tiger_geocoder/Makefile
config.status:1299: creating extensions/postgis_tiger_geocoder/postgis_tiger_geocoder.control
config.status:1299: creating liblwgeom/Makefile
config.status:1299: creating liblwgeom/cunit/Makefile
config.status:1299: creating liblwgeom/liblwgeom.h
config.status:1299: creating libpgcommon/Makefile
config.status:1299: creating libpgcommon/cunit/Makefile
config.status:1299: creating postgis/Makefile
config.status:1299: creating postgis/sqldefines.h
config.status:1299: creating loader/Makefile
config.status:1299: creating loader/cunit/Makefile
config.status:1299: creating topology/Makefile
config.status:1299: creating topology/test/Makefile
config.status:1299: creating regress/Makefile
config.status:1299: creating doc/Makefile
config.status:1299: creating doc/Makefile.comments
config.status:1299: creating doc/html/image_src/Makefile
config.status:1299: creating utils/Makefile
config.status:1299: creating java/jdbc/Makefile
config.status:1299: creating raster/Makefile
config.status:1299: creating raster/rt_core/Makefile
config.status:1299: creating raster/rt_pg/Makefile
config.status:1299: creating raster/loader/Makefile
config.status:1299: creating raster/test/Makefile
config.status:1299: creating raster/test/cunit/Makefile
config.status:1299: creating raster/test/regress/Makefile
config.status:1299: creating raster/scripts/Makefile
config.status:1299: creating raster/scripts/python/Makefile
config.status:1299: creating postgis_config.h
config.status:1299: creating raster/raster_config.h
config.status:1494: executing libtool commands
config.status:1494: executing po-directories commands
configure:22866: result: 
configure:22868: result:   PostGIS is now configured for x86_64-unknown-linux-gnu
configure:22870: result: 
configure:22872: result:  -------------- Compiler Info ------------- 
configure:22874: result:   C compiler:           gcc -g -O2
configure:22876: result:   C++ compiler:         g++ -g -O2
configure:22878: result:   SQL preprocessor:     /usr/bin/cpp -w -traditional-cpp -P
configure:22880: result: 
configure:22882: result:  -------------- Dependencies -------------- 
configure:22884: result:   GEOS config:          /usr/local/bin/geos-config
configure:22886: result:   GEOS version:         3.4.2
configure:22889: result:   GDAL config:          /usr/bin/gdal-config
configure:22891: result:   GDAL version:         2.2.2
configure:22900: result:   PostgreSQL config:    /usr/bin/pg_config
configure:22902: result:   PostgreSQL version:   PostgreSQL 9.3.25
configure:22904: result:   PROJ4 version:        49
configure:22906: result:   Libxml2 config:       /usr/bin/xml2-config
configure:22908: result:   Libxml2 version:      2.9.3
configure:22910: result:   JSON-C support:       yes
configure:22912: result:   PostGIS debug level:  0
configure:22914: result:   Perl:                 /usr/bin/perl
configure:22916: result: 
configure:22918: result:  --------------- Extensions --------------- 
configure:22921: result:   PostGIS Raster:       enabled
configure:22929: result:   PostGIS Topology:     enabled
configure:22939: result:   SFCGAL support:       disabled
configure:22942: result: 
configure:22944: result:  -------- Documentation Generation -------- 
configure:22946: result:   xsltproc:             /usr/bin/xsltproc
configure:22948: result:   xsl style sheets:     /usr/share/xml/docbook/stylesheet/nwalsh
configure:22950: result:   dblatex:              
configure:22952: result:   convert:              
configure:22954: result:   mathml2.dtd:          /usr/share/xml/schema/w3c/mathml/dtd/mathml2.dtd
configure:22956: result: 

## ---------------- ##
## Cache variables. ##
## ---------------- ##

_cv_misprot=yes
_cv_wall=yes
ac_cv_build=x86_64-unknown-linux-gnu
ac_cv_c_compiler_gnu=yes
ac_cv_cxx_compiler_gnu=yes
ac_cv_env_CCC_set=
ac_cv_env_CCC_value=
ac_cv_env_CC_set=
ac_cv_env_CC_value=
ac_cv_env_CFLAGS_set=
ac_cv_env_CFLAGS_value=
ac_cv_env_CPPFLAGS_set=
ac_cv_env_CPPFLAGS_value=
ac_cv_env_CPP_set=
ac_cv_env_CPP_value=
ac_cv_env_CXXCPP_set=
ac_cv_env_CXXCPP_value=
ac_cv_env_CXXFLAGS_set=
ac_cv_env_CXXFLAGS_value=
ac_cv_env_CXX_set=
ac_cv_env_CXX_value=
ac_cv_env_LDFLAGS_set=
ac_cv_env_LDFLAGS_value=
ac_cv_env_LIBS_set=
ac_cv_env_LIBS_value=
ac_cv_env_PG_CONFIG_set=
ac_cv_env_PG_CONFIG_value=
ac_cv_env_YACC_set=
ac_cv_env_YACC_value=
ac_cv_env_YFLAGS_set=
ac_cv_env_YFLAGS_value=
ac_cv_env_build_alias_set=
ac_cv_env_build_alias_value=
ac_cv_env_host_alias_set=
ac_cv_env_host_alias_value=
ac_cv_env_target_alias_set=
ac_cv_env_target_alias_value=
ac_cv_func_asprintf=yes
ac_cv_func_iconvctl=no
ac_cv_func_libiconvctl=no
ac_cv_func_vasprintf=yes
ac_cv_header_CUnit_CUnit_h=no
ac_cv_header_cpl_conv_h=yes
ac_cv_header_dlfcn_h=yes
ac_cv_header_gdal_h=yes
ac_cv_header_geos_c_h=yes
ac_cv_header_iconv_h=yes
ac_cv_header_ieeefp_h=no
ac_cv_header_inttypes_h=yes
ac_cv_header_json_c_json_h=yes
ac_cv_header_libpq_fe_h=yes
ac_cv_header_libxml_parser_h=yes
ac_cv_header_libxml_tree_h=yes
ac_cv_header_libxml_xpathInternals_h=yes
ac_cv_header_libxml_xpath_h=yes
ac_cv_header_memory_h=yes
ac_cv_header_ogr_api_h=yes
ac_cv_header_proj_api_h=yes
ac_cv_header_stdc=yes
ac_cv_header_stdint_h=yes
ac_cv_header_stdlib_h=yes
ac_cv_header_string_h=yes
ac_cv_header_strings_h=yes
ac_cv_header_sys_stat_h=yes
ac_cv_header_sys_types_h=yes
ac_cv_header_termios_h=yes
ac_cv_header_unistd_h=yes
ac_cv_host=x86_64-unknown-linux-gnu
ac_cv_lib_c_iconv_open=yes
ac_cv_lib_geos_c_initGEOS=yes
ac_cv_lib_iconv_libiconv_open=no
ac_cv_lib_json_c_json_object_get=yes
ac_cv_lib_pq_PQserverVersion=yes
ac_cv_lib_proj_pj_get_release=yes
ac_cv_lib_xml2_xmlInitParser=yes
ac_cv_objext=o
ac_cv_path_CPPBIN=/usr/bin/cpp
ac_cv_path_EGREP='/bin/grep -E'
ac_cv_path_FGREP='/bin/grep -F'
ac_cv_path_GDAL_CONFIG=/usr/bin/gdal-config
ac_cv_path_GEOSCONFIG=/usr/local/bin/geos-config
ac_cv_path_GMSGFMT=:
ac_cv_path_GREP=/bin/grep
ac_cv_path_MSGFMT=:
ac_cv_path_MSGMERGE=:
ac_cv_path_PERL=/usr/bin/perl
ac_cv_path_PG_CONFIG=/usr/bin/pg_config
ac_cv_path_SED=/bin/sed
ac_cv_path_XGETTEXT=:
ac_cv_path_XML2CONFIG=/usr/bin/xml2-config
ac_cv_path_XSLTPROC=/usr/bin/xsltproc
ac_cv_path_install='/usr/bin/install -c'
ac_cv_path_mkdir=/bin/mkdir
ac_cv_prog_AWK=gawk
ac_cv_prog_CPP='gcc -E'
ac_cv_prog_CXXCPP='g++ -E'
ac_cv_prog_ac_ct_AR=ar
ac_cv_prog_ac_ct_CC=gcc
ac_cv_prog_ac_ct_CXX=g++
ac_cv_prog_ac_ct_MANIFEST_TOOL=mt
ac_cv_prog_ac_ct_OBJDUMP=objdump
ac_cv_prog_ac_ct_RANLIB=ranlib
ac_cv_prog_ac_ct_STRIP=strip
ac_cv_prog_cc_c89=
ac_cv_prog_cc_g=yes
ac_cv_prog_cxx_g=yes
ac_cv_prog_make_make_set=yes
ac_cv_search_GDALAllRegister='none required'
ac_cv_search_GDALFPolygonize='none required'
ac_cv_search_OGRRegisterAll='none required'
ac_cv_sys_largefile_source=no
acl_cv_hardcode_direct=no
acl_cv_hardcode_libdir_flag_spec='${wl}-rpath ${wl}$libdir'
acl_cv_hardcode_libdir_separator=
acl_cv_hardcode_minus_L=no
acl_cv_libext=a
acl_cv_libname_spec='lib$name'
acl_cv_library_names_spec='$libname$shrext'
acl_cv_path_LD='/usr/bin/ld -m elf_x86_64'
acl_cv_prog_gnu_ld=yes
acl_cv_rpath=done
acl_cv_shlibext=so
acl_cv_wl=-Wl,
dummy_cv_ffloat_store=yes
gt_cv_func_CFLocaleCopyCurrent=no
gt_cv_func_CFPreferencesCopyAppValue=no
gt_cv_func_gnugettext1_libc=yes
lt_cv_ar_at_file=@
lt_cv_archive_cmds_need_lc=no
lt_cv_deplibs_check_method=pass_all
lt_cv_file_magic_cmd='$MAGIC_CMD'
lt_cv_file_magic_test_file=
lt_cv_ld_reload_flag=-r
lt_cv_nm_interface='BSD nm'
lt_cv_objdir=.libs
lt_cv_path_LD=/usr/bin/ld
lt_cv_path_LDCXX='/usr/bin/ld -m elf_x86_64'
lt_cv_path_NM='/usr/bin/nm -B'
lt_cv_path_mainfest_tool=no
lt_cv_prog_compiler_c_o=yes
lt_cv_prog_compiler_c_o_CXX=yes
lt_cv_prog_compiler_pic='-fPIC -DPIC'
lt_cv_prog_compiler_pic_CXX='-fPIC -DPIC'
lt_cv_prog_compiler_pic_works=yes
lt_cv_prog_compiler_pic_works_CXX=yes
lt_cv_prog_compiler_rtti_exceptions=no
lt_cv_prog_compiler_static_works=yes
lt_cv_prog_compiler_static_works_CXX=yes
lt_cv_prog_gnu_ld=yes
lt_cv_prog_gnu_ldcxx=yes
lt_cv_sharedlib_from_linklib_cmd='printf %s\n'
lt_cv_shlibpath_overrides_runpath=no
lt_cv_sys_global_symbol_pipe='sed -n -e '\''s/^.*[	 ]\([ABCDGIRSTW][ABCDGIRSTW]*\)[	 ][	 ]*\([_A-Za-z][_A-Za-z0-9]*\)$/\1 \2 \2/p'\'' | sed '\''/ __gnu_lto/d'\'''
lt_cv_sys_global_symbol_to_c_name_address='sed -n -e '\''s/^: \([^ ]*\)[ ]*$/  {\"\1\", (void *) 0},/p'\'' -e '\''s/^[ABCDGIRSTW]* \([^ ]*\) \([^ ]*\)$/  {"\2", (void *) \&\2},/p'\'''
lt_cv_sys_global_symbol_to_c_name_address_lib_prefix='sed -n -e '\''s/^: \([^ ]*\)[ ]*$/  {\"\1\", (void *) 0},/p'\'' -e '\''s/^[ABCDGIRSTW]* \([^ ]*\) \(lib[^ ]*\)$/  {"\2", (void *) \&\2},/p'\'' -e '\''s/^[ABCDGIRSTW]* \([^ ]*\) \([^ ]*\)$/  {"lib\2", (void *) \&\2},/p'\'''
lt_cv_sys_global_symbol_to_cdecl='sed -n -e '\''s/^T .* \(.*\)$/extern int \1();/p'\'' -e '\''s/^[ABCDGIRSTW]* .* \(.*\)$/extern char \1;/p'\'''
lt_cv_sys_max_cmd_len=1572864
lt_cv_to_host_file_cmd=func_convert_file_noop
lt_cv_to_tool_file_cmd=func_convert_file_noop

## ----------------- ##
## Output variables. ##
## ----------------- ##

ANT=''
AR='ar'
AWK='gawk'
CC='gcc'
CFLAGS='-g -O2'
CPP='gcc -E'
CPPBIN='/usr/bin/cpp'
CPPFLAGS=' -I/usr/local/include  -I/usr/include/libxml2  '
CUNIT_CPPFLAGS=''
CUNIT_LDFLAGS=''
CXX='g++'
CXXCPP='g++ -E'
CXXFLAGS='-g -O2'
DBLATEX=''
DEFS='-DHAVE_CONFIG_H'
DLLTOOL='false'
DSYMUTIL=''
DUMPBIN=''
ECHO_C=''
ECHO_N='-n'
ECHO_T=''
EGREP='/bin/grep -E'
EXEEXT=''
EXESUFFIX=''
EXTENSIONS='extensions'
FGREP='/bin/grep -F'
GDALFPOLYGONIZE=''
GDAL_CONFIG='/usr/bin/gdal-config'
GEOSCONFIG='/usr/local/bin/geos-config'
GEOS_CPPFLAGS='-I/usr/local/include'
GEOS_LDFLAGS='-L/usr/local/lib'
GEOS_NUMERIC_VERSION='30402'
GETTEXT_CFLAGS=''
GETTEXT_LDFLAGS=''
GETTEXT_MACRO_VERSION='0.17'
GMSGFMT=':'
GMSGFMT_015=':'
GPP=''
GREP='/bin/grep'
GTK_BUILD=''
GTK_CFLAGS=''
GTK_LIBS=''
GTK_WIN32_FLAGS=''
GTK_WIN32_RES=''
HAVE_JSON='yes'
HAVE_SFCGAL='no'
ICONV_CFLAGS=''
ICONV_LDFLAGS=' -lc'
IGE_MAC_CFLAGS=''
IGE_MAC_LIBS=''
IMAGEMAGICK=''
INSTALL_DATA='${INSTALL} -m 644'
INSTALL_PROGRAM='${INSTALL}'
INSTALL_SCRIPT='${INSTALL}'
INTLLIBS=''
INTL_MACOSX_LIBS=''
JSON_CPPFLAGS=''
JSON_LDFLAGS=' -ljson-c'
LD='/usr/bin/ld -m elf_x86_64'
LDFLAGS=''
LEX=':'
LEXLIB=''
LEX_OUTPUT_ROOT=''
LIBGDAL_CFLAGS='-I/usr/include/gdal'
LIBGDAL_DEPLIBS_LDFLAGS=''
LIBGDAL_LDFLAGS='-L/usr/lib -lgdal'
LIBICONV='-liconv'
LIBINTL=''
LIBOBJS=''
LIBS=''
LIBTOOL='$(SHELL) $(top_builddir)/libtool'
LIPO=''
LN_S='ln -s'
LTLIBICONV='-liconv'
LTLIBINTL=''
LTLIBOBJS=''
MANIFEST_TOOL=':'
MATHML2_DTD='/usr/share/xml/schema/w3c/mathml/dtd/mathml2.dtd'
MINGWBUILD='0'
MKDIR_P='/bin/mkdir -p'
MSGFMT=':'
MSGFMT_015=':'
MSGMERGE=':'
NM='/usr/bin/nm -B'
NMEDIT=''
NUMERICFLAGS=' -ffloat-store'
OBJDUMP='objdump'
OBJEXT='o'
OTOOL64=''
OTOOL=''
PACKAGE_BUGREPORT=''
PACKAGE_NAME=''
PACKAGE_STRING=''
PACKAGE_TARNAME=''
PACKAGE_URL=''
PACKAGE_VERSION=''
PATH_SEPARATOR=':'
PERL='/usr/bin/perl'
PGSQL_BE_CPPFLAGS='-I/usr/include/postgresql/9.3/server'
PGSQL_BINDIR='/usr/lib/postgresql/9.3/bin'
PGSQL_DOCDIR='/usr/share/doc/postgresql-doc-9.3'
PGSQL_FE_CPPFLAGS='-I/usr/include/postgresql'
PGSQL_FE_LDFLAGS='-L/usr/lib/x86_64-linux-gnu -lpq'
PGSQL_MANDIR='/usr/share/postgresql/9.3/man'
PGSQL_SHAREDIR='/usr/share/postgresql/9.3'
PGXS='/usr/lib/postgresql/9.3/lib/pgxs/src/makefiles/pgxs.mk'
PGXSOVERRIDE='0'
PG_CONFIG='/usr/bin/pg_config'
PICFLAGS=' -fPIC -DPIC'
PKG_CONFIG=''
POSTGIS_BUILD_DATE='2019-05-24 09:32:10'
POSTGIS_GDAL_VERSION='22'
POSTGIS_GEOS_VERSION='34'
POSTGIS_LIBXML2_VERSION='2.9.3'
POSTGIS_LIB_VERSION='2.1.3'
POSTGIS_MAJOR_VERSION='2'
POSTGIS_MICRO_VERSION='3'
POSTGIS_MINOR_VERSION='1'
POSTGIS_PGSQL_VERSION='93'
POSTGIS_PROJ_VERSION='49'
POSTGIS_RASTER_BUILD_DATE='2019-05-24 09:32:10'
POSTGIS_RASTER_LIB_VERSION='0.1.6d'
POSTGIS_RASTER_MAJOR_VERSION='0'
POSTGIS_RASTER_MICRO_VERSION='6d'
POSTGIS_RASTER_MINOR_VERSION='1'
POSTGIS_RASTER_SCRIPTS_VERSION='0.1.6d'
POSTGIS_RASTER_VERSION='0.1'
POSTGIS_SCRIPTS_VERSION='2.1.3'
POSTGIS_VERSION='2.1 USE_GEOS=1 USE_PROJ=1 USE_STATS=1'
POSUB='po'
PROJ_CPPFLAGS=''
PROJ_LDFLAGS=''
RANLIB='ranlib'
RASTER='raster'
RT_CORE_LIB='corelib'
RT_LOADER='rtloader'
RT_PG_LIB='pglib'
RT_POSTGIS_SQL='rtpostgis.sql'
SED='/bin/sed'
SET_MAKE=''
SFCGAL=''
SFCGAL_CONFIG=''
SFCGAL_CPPFLAGS=''
SFCGAL_LDFLAGS=''
SFCGAL_OBJS=''
SFCGAL_VERSION=''
SHELL='/bin/bash'
SHLIB_LINK=' -L/usr/local/lib  -lgeos_c -lproj  -ljson-c -lxml2 '
SQLPP='/usr/bin/cpp -w -traditional-cpp -P'
SRID_MAX='999999'
SRID_USR_MAX='998999'
STRIP='strip'
TOPOLOGY='topology'
USE_NLS='no'
WARNFLAGS=' -Wall -Wmissing-prototypes'
XGETTEXT=':'
XGETTEXT_015=':'
XGETTEXT_EXTRA_OPTIONS=''
XML2CONFIG='/usr/bin/xml2-config'
XMLLINT=''
XSLBASE='/usr/share/xml/docbook/stylesheet/nwalsh'
XSLTPROC='/usr/bin/xsltproc'
YACC='yacc'
YFLAGS=''
ac_ct_AR='ar'
ac_ct_CC='gcc'
ac_ct_CXX='g++'
ac_ct_DUMPBIN=''
bindir='${exec_prefix}/bin'
build='x86_64-unknown-linux-gnu'
build_alias=''
build_cpu='x86_64'
build_os='linux-gnu'
build_vendor='unknown'
datadir='${datarootdir}'
datarootdir='${prefix}/share'
docdir='${datarootdir}/doc/${PACKAGE}'
dvidir='${docdir}'
exec_prefix='${prefix}'
host='x86_64-unknown-linux-gnu'
host_alias=''
host_cpu='x86_64'
host_os='linux-gnu'
host_vendor='unknown'
htmldir='${docdir}'
includedir='${prefix}/include'
infodir='${datarootdir}/info'
libdir='${exec_prefix}/lib'
libexecdir='${exec_prefix}/libexec'
localedir='${datarootdir}/locale'
localstatedir='${prefix}/var'
mandir='${datarootdir}/man'
mkdir_p='/bin/mkdir -p'
oldincludedir='/usr/include'
pdfdir='${docdir}'
prefix='/usr/local'
program_transform_name='s,x,x,'
psdir='${docdir}'
sbindir='${exec_prefix}/sbin'
sharedstatedir='${prefix}/com'
sysconfdir='${prefix}/etc'
target_alias=''

## ----------- ##
## confdefs.h. ##
## ----------- ##

/* confdefs.h */
#define PACKAGE_NAME ""
#define PACKAGE_TARNAME ""
#define PACKAGE_VERSION ""
#define PACKAGE_STRING ""
#define PACKAGE_BUGREPORT ""
#define PACKAGE_URL ""
#define STDC_HEADERS 1
#define HAVE_SYS_TYPES_H 1
#define HAVE_SYS_STAT_H 1
#define HAVE_STDLIB_H 1
#define HAVE_STRING_H 1
#define HAVE_MEMORY_H 1
#define HAVE_STRINGS_H 1
#define HAVE_INTTYPES_H 1
#define HAVE_STDINT_H 1
#define HAVE_UNISTD_H 1
#define HAVE_DLFCN_H 1
#define LT_OBJDIR ".libs/"
#define POSTGIS_MAJOR_VERSION "2"
#define POSTGIS_MINOR_VERSION "1"
#define POSTGIS_MICRO_VERSION "3"
#define HAVE_IEEEFP_H 0
#define HAVE_TERMIOS_H 1
#define HAVE_VASPRINTF 1
#define HAVE_ASPRINTF 1
#define HAVE_FSEEKO 1
#define HAVE_ICONV 1
#define PGSQL_LOCALEDIR "/usr/share/locale"
#define HAVE_LIBPQ 1
#define POSTGIS_PGSQL_VERSION 93
#define HAVE_LIBXML_TREE_H 1
#define HAVE_LIBXML_PARSER_H 1
#define HAVE_LIBXML_XPATH_H 1
#define HAVE_LIBXML_XPATHINTERNALS_H 1
#define HAVE_LIBXML2 1
#define POSTGIS_LIBXML2_VERSION "2.9.3"
#define HAVE_LIBGEOS_C 1
#define POSTGIS_GEOS_VERSION 34
#define ENABLE_NLS 1
#define HAVE_GETTEXT 1
#define HAVE_DCGETTEXT 1
#define POSTGIS_PROJ_VERSION 49
#define HAVE_LIBPROJ 1
#define HAVE_LIBJSON 1
#define POSTGIS_DEBUG_LEVEL 0
#define POSTGIS_PROFILE 0
#define POSTGIS_VERSION "2.1 USE_GEOS=1 USE_PROJ=1 USE_STATS=1"
#define POSTGIS_LIB_VERSION "2.1.3"
#define POSTGIS_BUILD_DATE "2019-05-24 09:32:10"
#define POSTGIS_SCRIPTS_VERSION "2.1.3"
#define POSTGIS_AUTOCACHE_BBOX 1
#define POSTGIS_USE_STATS 1
#define POSTGIS_RASTER_MAJOR_VERSION "0"
#define POSTGIS_RASTER_MINOR_VERSION "1"
#define POSTGIS_RASTER_MICRO_VERSION "6d"
#define POSTGIS_RASTER_VERSION "0.1"
#define POSTGIS_RASTER_LIB_VERSION "0.1.6d"
#define POSTGIS_RASTER_BUILD_DATE "2019-05-24 09:32:10"
#define POSTGIS_RASTER_SCRIPTS_VERSION "0.1.6d"
#define POSTGIS_RASTER_WARN_ON_TRUNCATION 0
#define POSTGIS_GDAL_VERSION 22
#define HAVE_GDAL_H 1
#define HAVE_OGR_API_H 1
#define HAVE_CPL_CONV_H 1
#define GDALFPOLYGONIZE 1

configure: exit 0
